<?xml version="1.0" encoding="UTF-8"?>
<!-- Generated by org.testng.reporters.JUnitXMLReporter -->
<testsuite ignored="9" hostname="DESKTOP-59HQ26K" failures="0" tests="3" name="Test" time="0.213" errors="0" timestamp="2025-07-20T22:13:54 IST">
  <testcase classname="Grouping.FuntionalGroup" name="m1" time="0.028"/>
  <testcase classname="Grouping.FuntionalGroup" name="m2" time="0.004"/>
  <testcase classname="Grouping.FuntionalGroup" name="m3" time="0.005"/>
  <testcase classname="Grouping.SanityGroup" name="m3" time="0.0">
    <ignored/>
  </testcase> <!-- m3 -->
  <testcase classname="Grouping.SanityGroup" name="m1" time="0.0">
    <ignored/>
  </testcase> <!-- m1 -->
  <testcase classname="Grouping.SanityGroup" name="m2" time="0.0">
    <ignored/>
  </testcase> <!-- m2 -->
  <testcase classname="Grouping.SanityNFunction" name="m1" time="0.0">
    <ignored/>
  </testcase> <!-- m1 -->
  <testcase classname="Grouping.SanityNFunction" name="m2" time="0.0">
    <ignored/>
  </testcase> <!-- m2 -->
  <testcase classname="Grouping.SanityNFunction" name="m3" time="0.0">
    <ignored/>
  </testcase> <!-- m3 -->
  <testcase classname="Grouping.RegressionGroup" name="m2" time="0.0">
    <ignored/>
  </testcase> <!-- m2 -->
  <testcase classname="Grouping.RegressionGroup" name="m3" time="0.0">
    <ignored/>
  </testcase> <!-- m3 -->
  <testcase classname="Grouping.RegressionGroup" name="m1" time="0.0">
    <ignored/>
  </testcase> <!-- m1 -->
</testsuite> <!-- Test -->
