<?xml version="1.0" encoding="UTF-8"?>
<!-- Generated by org.testng.reporters.JUnitXMLReporter -->
<testsuite ignored="0" hostname="DESKTOP-59HQ26K" failures="1" tests="1" name="Test" time="10.152" errors="0" timestamp="2025-07-26T22:06:50 IST">
  <testcase classname="MyListeners.OpencartLogin" name="verifylogin" time="9.623">
    <failure type="java.lang.AssertionError" message="Test Case Got failed expected [Account Login] but found [My Account]">
      <![CDATA[java.lang.AssertionError: Test Case Got failed expected [Account Login] but found [My Account]
at MyListeners.OpencartLogin.verifylogin(OpencartLogin.java:25)
at java.base/java.util.ArrayList.forEach(ArrayList.java:1596)
... Removed 30 stack frames]]>
    </failure>
  </testcase> <!-- verifylogin -->
</testsuite> <!-- Test -->
