<?xml version="1.0" encoding="UTF-8"?>
<testng-results ignored="9" total="12" passed="3" failed="0" skipped="0">
  <reporter-output>
  </reporter-output>
  <suite started-at="2025-07-20T22:13:54 IST" name="Grouping Suite" finished-at="2025-07-20T22:13:54 IST" duration-ms="213">
    <groups>
      <group name="Function">
        <method signature="FuntionalGroup.m1()[pri:0, instance:Grouping.FuntionalGroup@7b98f307]" name="m1" class="Grouping.FuntionalGroup"/>
        <method signature="FuntionalGroup.m2()[pri:0, instance:Grouping.FuntionalGroup@7b98f307]" name="m2" class="Grouping.FuntionalGroup"/>
        <method signature="FuntionalGroup.m3()[pri:0, instance:Grouping.FuntionalGroup@7b98f307]" name="m3" class="Grouping.FuntionalGroup"/>
      </group> <!-- Function -->
    </groups>
    <test started-at="2025-07-20T22:13:54 IST" name="Test" finished-at="2025-07-20T22:13:54 IST" duration-ms="213">
      <class name="Grouping.FuntionalGroup">
        <test-method signature="m1()[pri:0, instance:Grouping.FuntionalGroup@7b98f307]" started-at="2025-07-20T22:13:54 IST" name="m1" finished-at="2025-07-20T22:13:54 IST" duration-ms="28" status="PASS">
          <reporter-output>
          </reporter-output>
        </test-method> <!-- m1 -->
        <test-method signature="m2()[pri:0, instance:Grouping.FuntionalGroup@7b98f307]" started-at="2025-07-20T22:13:54 IST" name="m2" finished-at="2025-07-20T22:13:54 IST" duration-ms="4" status="PASS">
          <reporter-output>
          </reporter-output>
        </test-method> <!-- m2 -->
        <test-method signature="m3()[pri:0, instance:Grouping.FuntionalGroup@7b98f307]" started-at="2025-07-20T22:13:54 IST" name="m3" finished-at="2025-07-20T22:13:54 IST" duration-ms="5" status="PASS">
          <reporter-output>
          </reporter-output>
        </test-method> <!-- m3 -->
      </class> <!-- Grouping.FuntionalGroup -->
    </test> <!-- Test -->
  </suite> <!-- Grouping Suite -->
</testng-results>
