<?xml version="1.0" encoding="UTF-8"?>
<testng-results ignored="0" total="1" passed="1" failed="0" skipped="0">
  <reporter-output>
  </reporter-output>
  <suite started-at="2025-06-21T23:34:06 IST" name="GridSuite" finished-at="2025-06-21T23:34:12 IST" duration-ms="6582">
    <groups>
    </groups>
    <test started-at="2025-06-21T23:34:06 IST" name="Remote or Local Execution Test" finished-at="2025-06-21T23:34:12 IST" duration-ms="6582">
      <class name="Grid.Standalone">
        <test-method signature="Gridstandalone(java.lang.String,java.lang.String)[pri:0, instance:Grid.Standalone@235834f2]" started-at="2025-06-21T23:34:06 IST" name="Gridstandalone" finished-at="2025-06-21T23:34:12 IST" duration-ms="6490" status="PASS">
          <params>
            <param index="0">
              <value>
                <![CDATA[windows]]>
              </value>
            </param>
            <param index="1">
              <value>
                <![CDATA[chrome]]>
              </value>
            </param>
          </params>
          <reporter-output>
          </reporter-output>
        </test-method> <!-- Gridstandalone -->
      </class> <!-- Grid.Standalone -->
    </test> <!-- Remote or Local Execution Test -->
  </suite> <!-- GridSuite -->
</testng-results>
